<?xml version="1.0" encoding="UTF-8"?>
<!-- Generated by org.testng.reporters.JUnitReportReporter -->
<testsuite hostname="RishiPC" name="com.qa.testCases.RadioButtonTestCases" tests="1" failures="0" timestamp="1 Oct 2022 04:58:00 GMT" time="25.412" errors="0">
  <testcase name="VerifyRadioButtonSelection" time="25.412" classname="com.qa.testCases.RadioButtonTestCases"/>
</testsuite> <!-- com.qa.testCases.RadioButtonTestCases -->
